This is pdfTeX, Version 3.14159265-2.6-1.40.17 (TeX Live 2016) (preloaded format=pdflatex 2016.9.16)  3 APR 2017 17:30
entering extended mode
 restricted \write18 enabled.
 file:line:error style messages enabled.
 %&-line parsing enabled.
**llncsdoc.sty
(./llncsdoc.sty
LaTeX2e <2016/03/31>
Babel <3.9r> and hyphenation patterns for 83 language(s) loaded.

./llncsdoc.sty:15: LaTeX Error: Missing \begin{document}.

See the LaTeX manual or LaTeX Companion for explanation.
Type  H <return>  for immediate help.
 ...                                              
                                                  
l.15 \ps@myheadings
                   
? 
./llncsdoc.sty:15: Emergency stop.
 ...                                              
                                                  
l.15 \ps@myheadings
                   
You're in trouble here.  Try typing  <return>  to proceed.
If that doesn't work, type  X <return>  to quit.

 
Here is how much of TeX's memory you used:
 12 strings out of 493014
 286 string characters out of 6133351
 53601 words of memory out of 5000000
 3653 multiletter control sequences out of 15000+600000
 3640 words of font info for 14 fonts, out of 8000000 for 9000
 1141 hyphenation exceptions out of 8191
 6i,0n,4p,77b,14s stack positions out of 5000i,500n,10000p,200000b,80000s
./llncsdoc.sty:15:  ==> Fatal error occurred, no output PDF file produced!
